->;section;tareador_instrumented_section;;;;0
nw;0;[0x732b70,+8000);global;in_fftw;3dfft_tar2.c;11;-|
nw;1;[0x730c30,+8000);global;out_fftw;3dfft_tar2.c;14;-|
nw;2;[0x736eb0,+8);global;p1d;3dfft_tar2.c;18;-|
nw;3;[0x736eb8,+8);global;p;3dfft_tar2.c;17;-|
nw;4;[0x730c20,+8);global;p_do_not_delete_inserted_for_tareador;/Soft/PAR/fftw3/include/fftw3.h;49;-|
nw;5;[0x734ab0,+8000);global;tmp_fftw;3dfft_tar2.c;12;-|
nw;6;[0x7ffd26f1c817,+65);stack;argv[0];-|
nw;7;[0x7ffd26f1a75c,+4);stack;unknown_name;-|
nw;8;[0x7ffd26f1a758,+4);stack;argc;-|
nw;9;[0x7ffd26f1a750,+8);stack;argv;-|
nw;10;[0x7ffd26f1a74c,+4);stack;i;-|
nw;11;[0x7ffd26f1a748,+4);stack;j;-|
nw;12;[0x7ffd26f1a744,+4);stack;k;-|
nw;13;[0x7ffd26f1a738,+8);stack;stamp;-|
nw;14;[0x7ffd26f1a734,+4);stack;errors_count;-|
  ->;section;Tareador_Main;;;;0
  us;13;loads;;stores;[0,8)
    ->;section;start_plan_forward;;;;24
    us;2;loads;;stores;[0,8)
    us;3;loads;;stores;[0,8)
    <-;section;start_plan_forward;;;;44
  us;13;loads;[0,8);stores;[0,8)
    ->;section;init_complex_grid;;;;77
    us;0;loads;;stores;[0,8000)
    us;1;loads;;stores;[0,8000)
    <-;section;init_complex_grid;;;;100519
  nw;31;[0x7ffd26f1a658,+8);stack;p1d;-|
  nw;32;[0x7ffd26f1a650,+8);stack;in_fftw;-|
  nw;33;[0x7ffd26f1a64c,+4);stack;k;-|
  nw;34;[0x7ffd26f1a648,+4);stack;j;-|
  us;2;loads;[0,8);stores;
  us;13;loads;[0,8);stores;[0,8)
  us;31;loads;;stores;[0,8)
  us;32;loads;;stores;[0,8)
  us;33;loads;;stores;[0,4)
    ->;section;ffts1_planes_loop_k;;;;100552
    us;0;loads;[0,800);stores;[0,800)
    us;31;loads;[0,8);stores;
    us;32;loads;[0,8);stores;
    us;33;loads;[0,4);stores;
    us;34;loads;;stores;[0,4)
    <-;section;ffts1_planes_loop_k;;;;110857
  us;33;loads;[0,4);stores;[0,4)
    ->;section;ffts1_planes_loop_k;;;;110865
    us;0;loads;[800,1600);stores;[800,1600)
    us;31;loads;[0,8);stores;
    us;32;loads;[0,8);stores;
    us;33;loads;[0,4);stores;
    us;34;loads;;stores;[0,4)
    <-;section;ffts1_planes_loop_k;;;;121170
  us;33;loads;[0,4);stores;[0,4)
    ->;section;ffts1_planes_loop_k;;;;121178
    us;0;loads;[1600,2400);stores;[1600,2400)
    us;31;loads;[0,8);stores;
    us;32;loads;[0,8);stores;
    us;33;loads;[0,4);stores;
    us;34;loads;;stores;[0,4)
    <-;section;ffts1_planes_loop_k;;;;131483
  us;33;loads;[0,4);stores;[0,4)
    ->;section;ffts1_planes_loop_k;;;;131491
    us;0;loads;[2400,3200);stores;[2400,3200)
    us;31;loads;[0,8);stores;
    us;32;loads;[0,8);stores;
    us;33;loads;[0,4);stores;
    us;34;loads;;stores;[0,4)
    <-;section;ffts1_planes_loop_k;;;;141796
  us;33;loads;[0,4);stores;[0,4)
    ->;section;ffts1_planes_loop_k;;;;141804
    us;0;loads;[3200,4000);stores;[3200,4000)
    us;31;loads;[0,8);stores;
    us;32;loads;[0,8);stores;
    us;33;loads;[0,4);stores;
    us;34;loads;;stores;[0,4)
    <-;section;ffts1_planes_loop_k;;;;152109
  us;33;loads;[0,4);stores;[0,4)
    ->;section;ffts1_planes_loop_k;;;;152117
    us;0;loads;[4000,4800);stores;[4000,4800)
    us;31;loads;[0,8);stores;
    us;32;loads;[0,8);stores;
    us;33;loads;[0,4);stores;
    us;34;loads;;stores;[0,4)
    <-;section;ffts1_planes_loop_k;;;;162422
  us;33;loads;[0,4);stores;[0,4)
    ->;section;ffts1_planes_loop_k;;;;162430
    us;0;loads;[4800,5600);stores;[4800,5600)
    us;31;loads;[0,8);stores;
    us;32;loads;[0,8);stores;
    us;33;loads;[0,4);stores;
    us;34;loads;;stores;[0,4)
    <-;section;ffts1_planes_loop_k;;;;172735
  us;33;loads;[0,4);stores;[0,4)
    ->;section;ffts1_planes_loop_k;;;;172743
    us;0;loads;[5600,6400);stores;[5600,6400)
    us;31;loads;[0,8);stores;
    us;32;loads;[0,8);stores;
    us;33;loads;[0,4);stores;
    us;34;loads;;stores;[0,4)
    <-;section;ffts1_planes_loop_k;;;;183048
  us;33;loads;[0,4);stores;[0,4)
    ->;section;ffts1_planes_loop_k;;;;183056
    us;0;loads;[6400,7200);stores;[6400,7200)
    us;31;loads;[0,8);stores;
    us;32;loads;[0,8);stores;
    us;33;loads;[0,4);stores;
    us;34;loads;;stores;[0,4)
    <-;section;ffts1_planes_loop_k;;;;193361
  us;33;loads;[0,4);stores;[0,4)
    ->;section;ffts1_planes_loop_k;;;;193369
    us;0;loads;[7200,8000);stores;[7200,8000)
    us;31;loads;[0,8);stores;
    us;32;loads;[0,8);stores;
    us;33;loads;[0,4);stores;
    us;34;loads;;stores;[0,4)
    <-;section;ffts1_planes_loop_k;;;;203674
  us;33;loads;[0,4);stores;[0,4)
  dl;31;[0x7ffd26f1a658,+8);stack;p1d;-|
  dl;32;[0x7ffd26f1a650,+8);stack;in_fftw;-|
  dl;33;[0x7ffd26f1a64c,+4);stack;k;-|
  dl;34;[0x7ffd26f1a648,+4);stack;j;-|
    ->;section;1;;;;203696
    us;0;loads;[0,8000);stores;
    us;5;loads;;stores;[0,8000)
    <-;section;1;;;;261140
  nw;40;[0x7ffd26f1a658,+8);stack;p1d;-|
  nw;41;[0x7ffd26f1a650,+8);stack;in_fftw;-|
  nw;42;[0x7ffd26f1a64c,+4);stack;k;-|
  nw;43;[0x7ffd26f1a648,+4);stack;j;-|
  us;2;loads;[0,8);stores;
  us;40;loads;;stores;[0,8)
  us;41;loads;;stores;[0,8)
  us;42;loads;;stores;[0,4)
    ->;section;ffts1_planes_loop_k;;;;261151
    us;5;loads;[0,800);stores;[0,800)
    us;40;loads;[0,8);stores;
    us;41;loads;[0,8);stores;
    us;42;loads;[0,4);stores;
    us;43;loads;;stores;[0,4)
    <-;section;ffts1_planes_loop_k;;;;271456
  us;42;loads;[0,4);stores;[0,4)
    ->;section;ffts1_planes_loop_k;;;;271464
    us;5;loads;[800,1600);stores;[800,1600)
    us;40;loads;[0,8);stores;
    us;41;loads;[0,8);stores;
    us;42;loads;[0,4);stores;
    us;43;loads;;stores;[0,4)
    <-;section;ffts1_planes_loop_k;;;;281769
  us;42;loads;[0,4);stores;[0,4)
    ->;section;ffts1_planes_loop_k;;;;281777
    us;5;loads;[1600,2400);stores;[1600,2400)
    us;40;loads;[0,8);stores;
    us;41;loads;[0,8);stores;
    us;42;loads;[0,4);stores;
    us;43;loads;;stores;[0,4)
    <-;section;ffts1_planes_loop_k;;;;292082
  us;42;loads;[0,4);stores;[0,4)
    ->;section;ffts1_planes_loop_k;;;;292090
    us;5;loads;[2400,3200);stores;[2400,3200)
    us;40;loads;[0,8);stores;
    us;41;loads;[0,8);stores;
    us;42;loads;[0,4);stores;
    us;43;loads;;stores;[0,4)
    <-;section;ffts1_planes_loop_k;;;;302395
  us;42;loads;[0,4);stores;[0,4)
    ->;section;ffts1_planes_loop_k;;;;302403
    us;5;loads;[3200,4000);stores;[3200,4000)
    us;40;loads;[0,8);stores;
    us;41;loads;[0,8);stores;
    us;42;loads;[0,4);stores;
    us;43;loads;;stores;[0,4)
    <-;section;ffts1_planes_loop_k;;;;312708
  us;42;loads;[0,4);stores;[0,4)
    ->;section;ffts1_planes_loop_k;;;;312716
    us;5;loads;[4000,4800);stores;[4000,4800)
    us;40;loads;[0,8);stores;
    us;41;loads;[0,8);stores;
    us;42;loads;[0,4);stores;
    us;43;loads;;stores;[0,4)
    <-;section;ffts1_planes_loop_k;;;;323021
  us;42;loads;[0,4);stores;[0,4)
    ->;section;ffts1_planes_loop_k;;;;323029
    us;5;loads;[4800,5600);stores;[4800,5600)
    us;40;loads;[0,8);stores;
    us;41;loads;[0,8);stores;
    us;42;loads;[0,4);stores;
    us;43;loads;;stores;[0,4)
    <-;section;ffts1_planes_loop_k;;;;333334
  us;42;loads;[0,4);stores;[0,4)
    ->;section;ffts1_planes_loop_k;;;;333342
    us;5;loads;[5600,6400);stores;[5600,6400)
    us;40;loads;[0,8);stores;
    us;41;loads;[0,8);stores;
    us;42;loads;[0,4);stores;
    us;43;loads;;stores;[0,4)
    <-;section;ffts1_planes_loop_k;;;;343647
  us;42;loads;[0,4);stores;[0,4)
    ->;section;ffts1_planes_loop_k;;;;343655
    us;5;loads;[6400,7200);stores;[6400,7200)
    us;40;loads;[0,8);stores;
    us;41;loads;[0,8);stores;
    us;42;loads;[0,4);stores;
    us;43;loads;;stores;[0,4)
    <-;section;ffts1_planes_loop_k;;;;353960
  us;42;loads;[0,4);stores;[0,4)
    ->;section;ffts1_planes_loop_k;;;;353968
    us;5;loads;[7200,8000);stores;[7200,8000)
    us;40;loads;[0,8);stores;
    us;41;loads;[0,8);stores;
    us;42;loads;[0,4);stores;
    us;43;loads;;stores;[0,4)
    <-;section;ffts1_planes_loop_k;;;;364273
  us;42;loads;[0,4);stores;[0,4)
  dl;40;[0x7ffd26f1a658,+8);stack;p1d;-|
  dl;41;[0x7ffd26f1a650,+8);stack;in_fftw;-|
  dl;42;[0x7ffd26f1a64c,+4);stack;k;-|
  dl;43;[0x7ffd26f1a648,+4);stack;j;-|
    ->;section;3;;;;364284
    us;0;loads;;stores;[0,8000)
    us;5;loads;[0,8000);stores;
    <-;section;3;;;;421728
  nw;49;[0x7ffd26f1a658,+8);stack;p1d;-|
  nw;50;[0x7ffd26f1a650,+8);stack;in_fftw;-|
  nw;51;[0x7ffd26f1a64c,+4);stack;k;-|
  nw;52;[0x7ffd26f1a648,+4);stack;j;-|
  us;2;loads;[0,8);stores;
  us;49;loads;;stores;[0,8)
  us;50;loads;;stores;[0,8)
  us;51;loads;;stores;[0,4)
    ->;section;ffts1_planes_loop_k;;;;421739
    us;0;loads;[0,800);stores;[0,800)
    us;49;loads;[0,8);stores;
    us;50;loads;[0,8);stores;
    us;51;loads;[0,4);stores;
    us;52;loads;;stores;[0,4)
    <-;section;ffts1_planes_loop_k;;;;432044
  us;51;loads;[0,4);stores;[0,4)
    ->;section;ffts1_planes_loop_k;;;;432052
    us;0;loads;[800,1600);stores;[800,1600)
    us;49;loads;[0,8);stores;
    us;50;loads;[0,8);stores;
    us;51;loads;[0,4);stores;
    us;52;loads;;stores;[0,4)
    <-;section;ffts1_planes_loop_k;;;;442357
  us;51;loads;[0,4);stores;[0,4)
    ->;section;ffts1_planes_loop_k;;;;442365
    us;0;loads;[1600,2400);stores;[1600,2400)
    us;49;loads;[0,8);stores;
    us;50;loads;[0,8);stores;
    us;51;loads;[0,4);stores;
    us;52;loads;;stores;[0,4)
    <-;section;ffts1_planes_loop_k;;;;452670
  us;51;loads;[0,4);stores;[0,4)
    ->;section;ffts1_planes_loop_k;;;;452678
    us;0;loads;[2400,3200);stores;[2400,3200)
    us;49;loads;[0,8);stores;
    us;50;loads;[0,8);stores;
    us;51;loads;[0,4);stores;
    us;52;loads;;stores;[0,4)
    <-;section;ffts1_planes_loop_k;;;;462983
  us;51;loads;[0,4);stores;[0,4)
    ->;section;ffts1_planes_loop_k;;;;462991
    us;0;loads;[3200,4000);stores;[3200,4000)
    us;49;loads;[0,8);stores;
    us;50;loads;[0,8);stores;
    us;51;loads;[0,4);stores;
    us;52;loads;;stores;[0,4)
    <-;section;ffts1_planes_loop_k;;;;473296
  us;51;loads;[0,4);stores;[0,4)
    ->;section;ffts1_planes_loop_k;;;;473304
    us;0;loads;[4000,4800);stores;[4000,4800)
    us;49;loads;[0,8);stores;
    us;50;loads;[0,8);stores;
    us;51;loads;[0,4);stores;
    us;52;loads;;stores;[0,4)
    <-;section;ffts1_planes_loop_k;;;;483609
  us;51;loads;[0,4);stores;[0,4)
    ->;section;ffts1_planes_loop_k;;;;483617
    us;0;loads;[4800,5600);stores;[4800,5600)
    us;49;loads;[0,8);stores;
    us;50;loads;[0,8);stores;
    us;51;loads;[0,4);stores;
    us;52;loads;;stores;[0,4)
    <-;section;ffts1_planes_loop_k;;;;493922
  us;51;loads;[0,4);stores;[0,4)
    ->;section;ffts1_planes_loop_k;;;;493930
    us;0;loads;[5600,6400);stores;[5600,6400)
    us;49;loads;[0,8);stores;
    us;50;loads;[0,8);stores;
    us;51;loads;[0,4);stores;
    us;52;loads;;stores;[0,4)
    <-;section;ffts1_planes_loop_k;;;;504235
  us;51;loads;[0,4);stores;[0,4)
    ->;section;ffts1_planes_loop_k;;;;504243
    us;0;loads;[6400,7200);stores;[6400,7200)
    us;49;loads;[0,8);stores;
    us;50;loads;[0,8);stores;
    us;51;loads;[0,4);stores;
    us;52;loads;;stores;[0,4)
    <-;section;ffts1_planes_loop_k;;;;514548
  us;51;loads;[0,4);stores;[0,4)
    ->;section;ffts1_planes_loop_k;;;;514556
    us;0;loads;[7200,8000);stores;[7200,8000)
    us;49;loads;[0,8);stores;
    us;50;loads;[0,8);stores;
    us;51;loads;[0,4);stores;
    us;52;loads;;stores;[0,4)
    <-;section;ffts1_planes_loop_k;;;;524861
  us;51;loads;[0,4);stores;[0,4)
  dl;49;[0x7ffd26f1a658,+8);stack;p1d;-|
  dl;50;[0x7ffd26f1a650,+8);stack;in_fftw;-|
  dl;51;[0x7ffd26f1a64c,+4);stack;k;-|
  dl;52;[0x7ffd26f1a648,+4);stack;j;-|
    ->;section;5;;;;524872
    us;0;loads;[0,8000);stores;
    us;5;loads;;stores;[0,8000)
    <-;section;5;;;;582316
    ->;section;6;;;;582316
    us;0;loads;;stores;[0,8000)
    us;5;loads;[0,8000);stores;
    <-;section;6;;;;639760
  us;13;loads;[0,8);stores;[0,8)
  <-;section;Tareador_Main;;;;639780
dl;7;[0x7ffd26f1a75c,+4);stack;unknown_name;-|
dl;8;[0x7ffd26f1a758,+4);stack;argc;-|
dl;9;[0x7ffd26f1a750,+8);stack;argv;-|
dl;10;[0x7ffd26f1a74c,+4);stack;i;-|
dl;11;[0x7ffd26f1a748,+4);stack;j;-|
dl;12;[0x7ffd26f1a744,+4);stack;k;-|
dl;13;[0x7ffd26f1a738,+8);stack;stamp;-|
dl;14;[0x7ffd26f1a734,+4);stack;errors_count;-|
<-;section;tareador_instrumented_section;;;;639780
